<?xml version="1.0" encoding="UTF-8"?>
<!-- Generated by org.testng.reporters.JUnitXMLReporter -->
<testsuite ignored="0" hostname="DESKTOP-GLLCAO7" failures="0" tests="3" name="Surefire test" time="6.465" errors="0" timestamp="2022-05-06T21:48:12 MSK">
  <testcase classname="usertests.CreateUser_Test" name="checkCreateUser" time="2.87"/>
  <testcase classname="usertests.DeleteUser_Test" name="checkDeleteUser" time="2.79"/>
  <testcase classname="usertests.GetUserLogin_Test" name="checkLoginUser" time="0.782"/>
</testsuite> <!-- Surefire test -->
