<?xml version="1.0" encoding="UTF-8"?>
<testsuite xmlns:xsi="http://www.w3.org/2001/XMLSchema-instance" xsi:noNamespaceSchemaLocation="https://maven.apache.org/surefire/maven-surefire-plugin/xsd/surefire-test-report-3.0.xsd" version="3.0" name="TestSuite" time="4.257" tests="2" errors="0" skipped="0" failures="0">
  <properties>
[...]
</properties>
  <testcase name="checkCreateUser" classname="usertests.CreateUser_Test" time="2.681">
    <system-out><![CDATA[Request method:	POST
Request URI:	https://petstore.swagger.io/v2/user
Proxy:			<none>
Request params:	<none>
Query params:	<none>
Form params:	<none>
Path params:	<none>
Headers:		Accept=*/*
				Content-Type=application/json
Cookies:		<none>
Multiparts:		<none>
Body:
{
    "firstName": "Deedra",
    "lastName": "Jaskolski",
    "password": "n8hfdg3uen4x2p",
    "userStatus": 4,
    "phone": "481.871.9767",
    "id": 2500279,
    "email": "marion.von@gmail.com",
    "username": "sammie.smith"
}
HTTP/1.1 200 OK
Date: Sat, 23 Apr 2022 21:29:39 GMT
Content-Type: application/json
Transfer-Encoding: chunked
Connection: keep-alive
Access-Control-Allow-Origin: *
Access-Control-Allow-Methods: GET, POST, DELETE, PUT
Access-Control-Allow-Headers: Content-Type, api_key, Authorization
Server: Jetty(9.2.9.v20150224)

{
    "code": 200,
    "type": "unknown",
    "message": "2500279"
}
Request method:	GET
Request URI:	https://petstore.swagger.io/v2/user/sammie.smith
Proxy:			<none>
Request params:	<none>
Query params:	<none>
Form params:	<none>
Path params:	<none>
Headers:		Accept=*/*
				Content-Type=application/json
Cookies:		<none>
Multiparts:		<none>
Body:			<none>
HTTP/1.1 200 OK
Date: Sat, 23 Apr 2022 21:29:40 GMT
Content-Type: application/json
Transfer-Encoding: chunked
Connection: keep-alive
Access-Control-Allow-Origin: *
Access-Control-Allow-Methods: GET, POST, DELETE, PUT
Access-Control-Allow-Headers: Content-Type, api_key, Authorization
Server: Jetty(9.2.9.v20150224)

{
    "id": 2500279,
    "username": "sammie.smith",
    "firstName": "Deedra",
    "lastName": "Jaskolski",
    "email": "marion.von@gmail.com",
    "password": "n8hfdg3uen4x2p",
    "phone": "481.871.9767",
    "userStatus": 4
}
]]></system-out>
  </testcase>
  <testcase name="checkLoginUser" classname="usertests.GetUserLogin_Test" time="0.774">
    <system-out><![CDATA[Request method:	GET
Request URI:	https://petstore.swagger.io/v2/user/login
Proxy:			<none>
Request params:	<none>
Query params:	<none>
Form params:	<none>
Path params:	<none>
Headers:		Accept=*/*
				Content-Type=application/json
Cookies:		<none>
Multiparts:		<none>
Body:			<none>
HTTP/1.1 200 OK
Date: Sat, 23 Apr 2022 21:29:41 GMT
Content-Type: application/json
Transfer-Encoding: chunked
Connection: keep-alive
Access-Control-Allow-Origin: *
Access-Control-Allow-Methods: GET, POST, DELETE, PUT
Access-Control-Allow-Headers: Content-Type, api_key, Authorization
X-Expires-After: Sat Apr 23 22:29:41 UTC 2022
X-Rate-Limit: 5000
Server: Jetty(9.2.9.v20150224)

{
    "code": 200,
    "type": "unknown",
    "message": "logged in user session:1650749381261"
}
]]></system-out>
  </testcase>
</testsuite>