<?xml version="1.0" encoding="UTF-8"?>
<testng-results ignored="0" total="3" passed="3" failed="0" skipped="0">
  <reporter-output>
  </reporter-output>
  <suite started-at="2022-05-06T21:48:05 MSK" name="Surefire suite" finished-at="2022-05-06T21:48:12 MSK" duration-ms="6465">
    <groups>
    </groups>
    <test started-at="2022-05-06T21:48:05 MSK" name="Surefire test" finished-at="2022-05-06T21:48:12 MSK" duration-ms="6465">
      <class name="usertests.CreateUser_Test">
        <test-method signature="checkCreateUser()[pri:0, instance:usertests.CreateUser_Test@598b15ba]" started-at="2022-05-06T21:48:05 MSK" name="checkCreateUser" finished-at="2022-05-06T21:48:08 MSK" duration-ms="2870" status="PASS">
          <reporter-output>
          </reporter-output>
        </test-method> <!-- checkCreateUser -->
      </class> <!-- usertests.CreateUser_Test -->
      <class name="usertests.GetUserLogin_Test">
        <test-method signature="checkLoginUser()[pri:0, instance:usertests.GetUserLogin_Test@67253518]" started-at="2022-05-06T21:48:11 MSK" name="checkLoginUser" finished-at="2022-05-06T21:48:12 MSK" duration-ms="782" status="PASS">
          <reporter-output>
          </reporter-output>
        </test-method> <!-- checkLoginUser -->
      </class> <!-- usertests.GetUserLogin_Test -->
      <class name="usertests.DeleteUser_Test">
        <test-method signature="checkDeleteUser()[pri:0, instance:usertests.DeleteUser_Test@71e6bac0]" started-at="2022-05-06T21:48:08 MSK" name="checkDeleteUser" finished-at="2022-05-06T21:48:11 MSK" duration-ms="2790" status="PASS">
          <reporter-output>
          </reporter-output>
        </test-method> <!-- checkDeleteUser -->
      </class> <!-- usertests.DeleteUser_Test -->
    </test> <!-- Surefire test -->
  </suite> <!-- Surefire suite -->
</testng-results>
