<?xml version="1.0" encoding="UTF-8"?>
<testng-results ignored="0" total="2" passed="2" failed="0" skipped="0">
  <reporter-output>
  </reporter-output>
  <suite started-at="2022-04-24T00:29:37 MSK" name="Suite1" finished-at="2022-04-24T00:29:41 MSK" duration-ms="3472">
    <groups>
    </groups>
    <test started-at="2022-04-24T00:29:37 MSK" name="Nopackage" finished-at="2022-04-24T00:29:41 MSK" duration-ms="3472">
      <class name="usertests.GetUserLogin_Test">
        <test-method signature="checkLoginUser()[pri:0, instance:usertests.GetUserLogin_Test@5dbe30be]" started-at="2022-04-24T00:29:40 MSK" name="checkLoginUser" finished-at="2022-04-24T00:29:41 MSK" duration-ms="809" status="PASS">
          <reporter-output>
          </reporter-output>
        </test-method> <!-- checkLoginUser -->
      </class> <!-- usertests.GetUserLogin_Test -->
      <class name="usertests.CreateUser_Test">
        <test-method signature="checkCreateUser()[pri:0, instance:usertests.CreateUser_Test@6326d182]" started-at="2022-04-24T00:29:37 MSK" name="checkCreateUser" finished-at="2022-04-24T00:29:40 MSK" duration-ms="2649" status="PASS">
          <reporter-output>
          </reporter-output>
        </test-method> <!-- checkCreateUser -->
      </class> <!-- usertests.CreateUser_Test -->
    </test> <!-- Nopackage -->
  </suite> <!-- Suite1 -->
</testng-results>
